<?xml version="1.0" encoding="UTF-8"?>
<!-- Generated by org.testng.reporters.JUnitXMLReporter -->
<testsuite ignored="0" hostname="75s-MacBook-Air.local" failures="1" tests="4" name="Test" time="14.694" errors="0" timestamp="2024-08-28T12:36:14 IST">
  <testcase classname="api.test.UserTests2" name="testStagepost" time="4.331"/>
  <testcase classname="api.test.UserTests2" name="testStageupdate" time="1.221"/>
  <testcase classname="api.test.UserTests2" name="testStagedelete" time="1.448">
    <failure type="java.lang.AssertionError" message="expected:&amp;lt;404&amp;gt; but was:&amp;lt;200&amp;gt;">
      <![CDATA[java.lang.AssertionError: expected:<404> but was:<200>
at api.test.UserTests2.testStagedelete(UserTests2.java:50)
at java.base/java.util.ArrayList.forEach(ArrayList.java:1597)
... Removed 30 stack frames]]>
    </failure>
  </testcase> <!-- testStagedelete -->
  <testcase classname="api.test.UserTests2" name="testStageget" time="1.133"/>
</testsuite> <!-- Test -->
