<?xml version="1.0" encoding="UTF-8"?>
<!-- Generated by org.testng.reporters.JUnitXMLReporter -->
<testsuite ignored="0" hostname="Princes-MacBook-Air.local" failures="0" tests="4" name="Test" time="13.71" errors="0" timestamp="2024-08-28T23:51:52 IST">
  <testcase classname="api.test.UserTests2" name="testStagepost" time="4.739"/>
  <testcase classname="api.test.UserTests2" name="testStageupdate" time="1.098"/>
  <testcase classname="api.test.UserTests2" name="testStagedelete" time="1.136"/>
  <testcase classname="api.test.UserTests2" name="testStageget" time="1.29"/>
</testsuite> <!-- Test -->
