<?xml version="1.0" encoding="UTF-8"?>
<testsuite xmlns:xsi="http://www.w3.org/2001/XMLSchema-instance" xsi:noNamespaceSchemaLocation="https://maven.apache.org/surefire/maven-surefire-plugin/xsd/surefire-test-report.xsd" version="3.0.2" name="TestSuite" time="19.14" tests="4" errors="0" skipped="0" failures="0">
  <properties>
[...]
</properties>
  <testcase name="testStagepost[org.testng.TestRunner@7c20cdd0](1)" classname="api.test.UserTests2" time="4.742">
    <system-out><![CDATA[INFO
23.51.39.530 [main] INFO  api.test.UserTests2 - *************Creating the stage**************
66cf6ab7b64b52cf2c47f3d1
HTTP/1.1 200 OK
Server: nginx/1.24.0 (Ubuntu)
Date: Wed, 28 Aug 2024 18:21:43 GMT
Content-Type: application/json; charset=utf-8
Content-Length: 275
Connection: keep-alive
X-Powered-By: Express
Access-Control-Allow-Origin: *
ETag: W/"113-VgsnrMwcaFZvJSrjBfma3XaQzio"

{
    "data": {
        "name": "Darren",
        "status": "ACTIVE",
        "createdBy": "66573cdb68a601817ff11f45",
        "isDeleted": false,
        "_id": "66cf6ab7b64b52cf2c47f3d1",
        "createdAt": "2024-08-28T18:21:43.687Z",
        "updatedAt": "2024-08-28T18:21:43.687Z",
        "__v": 0
    },
    "message": "Stage created successfully!",
    "success": true
}
23.51.44.267 [main] INFO  api.test.UserTests2 - ************Stage created successfully*********
]]></system-out>
    <system-err><![CDATA[SLF4J: Failed to load class "org.slf4j.impl.StaticLoggerBinder".
SLF4J: Defaulting to no-operation (NOP) logger implementation
SLF4J: See http://www.slf4j.org/codes.html#StaticLoggerBinder for further details.
]]></system-err>
  </testcase>
  <testcase name="testStageupdate[org.testng.TestRunner@7c20cdd0](1)" classname="api.test.UserTests2" time="1.1">
    <system-out><![CDATA[23.51.44.272 [main] INFO  api.test.UserTests2 - *************Updating the stage**************
66cf6ab7b64b52cf2c47f3d1
HTTP/1.1 200 OK
Server: nginx/1.24.0 (Ubuntu)
Date: Wed, 28 Aug 2024 18:21:45 GMT
Content-Type: application/json; charset=utf-8
Content-Length: 277
Connection: keep-alive
X-Powered-By: Express
Access-Control-Allow-Origin: *
ETag: W/"115-ApUmmRZdSaFP9E8F1AUWXy5MOMk"

{
    "data": {
        "_id": "66cf6ab7b64b52cf2c47f3d1",
        "name": "Gertrude",
        "status": "ACTIVE",
        "createdBy": "66573cdb68a601817ff11f45",
        "isDeleted": false,
        "createdAt": "2024-08-28T18:21:43.687Z",
        "updatedAt": "2024-08-28T18:21:45.169Z",
        "__v": 0
    },
    "message": "Stage updated successfully!",
    "success": true
}
23.51.45.370 [main] INFO  api.test.UserTests2 - *************Stage updated successfully**************
]]></system-out>
  </testcase>
  <testcase name="testStagedelete[org.testng.TestRunner@7c20cdd0](1)" classname="api.test.UserTests2" time="1.138">
    <system-out><![CDATA[23.51.45.374 [main] INFO  api.test.UserTests2 - *************Deleting the stage**************
Extracted id ater hitting post request66cf6ab7b64b52cf2c47f3d1
HTTP/1.1 200 OK
Server: nginx/1.24.0 (Ubuntu)
Date: Wed, 28 Aug 2024 18:21:46 GMT
Content-Type: application/json; charset=utf-8
Content-Length: 156
Connection: keep-alive
X-Powered-By: Express
Access-Control-Allow-Origin: *
ETag: W/"9c-WpQxKxo9DxmtA2kEv8c3EYKLwV8"

{
    "data": {
        "acknowledged": true,
        "modifiedCount": 1,
        "upsertedId": null,
        "upsertedCount": 0,
        "matchedCount": 1
    },
    "message": "Stage deleted successfully!",
    "success": true
}
23.51.46.510 [main] INFO  api.test.UserTests2 - *************Stage deleted successfully**************
]]></system-out>
  </testcase>
  <testcase name="testStageget" classname="api.test.UserTests2" time="1.292">
    <system-out><![CDATA[23.51.46.513 [main] INFO  api.test.UserTests2 - *************Fetching the stages**************
HTTP/1.1 200 OK
Server: nginx/1.24.0 (Ubuntu)
Date: Wed, 28 Aug 2024 18:21:47 GMT
Content-Type: application/json; charset=utf-8
Content-Length: 2960
Connection: keep-alive
X-Powered-By: Express
Access-Control-Allow-Origin: *
ETag: W/"b90-vcn8UO0NAjoK+W3TfvK+D65qKg4"

{
    "data": [
        {
            "_id": "66cf0368819e65a63e57dd8e",
            "name": "Heath",
            "status": "ACTIVE",
            "createdBy": {
                "_id": "66573cdb68a601817ff11f45",
                "email": "admin@adamx.com",
                "firstName": "Adamx",
                "lastName": "Admin"
            },
            "isDeleted": false,
            "createdAt": "2024-08-28T11:00:56.055Z",
            "updatedAt": "2024-08-28T11:00:57.938Z",
            "__v": 0
        },
        {
            "_id": "66cecc5b819e65a63e57dd6a",
            "name": "Merrill",
            "status": "ACTIVE",
            "createdBy": {
                "_id": "66573cdb68a601817ff11f45",
                "email": "admin@adamx.com",
                "firstName": "Adamx",
                "lastName": "Admin"
            },
            "isDeleted": false,
            "createdAt": "2024-08-28T07:06:03.876Z",
            "updatedAt": "2024-08-28T07:06:05.817Z",
            "__v": 0
        },
        {
            "_id": "66cecc26819e65a63e57dd61",
            "name": "Allena",
            "status": "ACTIVE",
            "createdBy": {
                "_id": "66573cdb68a601817ff11f45",
                "email": "admin@adamx.com",
                "firstName": "Adamx",
                "lastName": "Admin"
            },
            "isDeleted": false,
            "createdAt": "2024-08-28T07:05:10.838Z",
            "updatedAt": "2024-08-28T07:05:13.077Z",
            "__v": 0
        },
        {
            "_id": "66b6f7eda224b638e96dfda8",
            "name": "Stage new",
            "status": "ACTIVE",
            "createdBy": {
                "_id": "66573cdb68a601817ff11f45",
                "email": "admin@adamx.com",
                "firstName": "Adamx",
                "lastName": "Admin"
            },
            "isDeleted": false,
            "createdAt": "2024-08-10T05:17:33.273Z",
            "updatedAt": "2024-08-10T05:17:33.273Z",
            "__v": 0
        },
        {
            "_id": "66b6f6e7a224b638e96dfda5",
            "name": "Stage11aug",
            "status": "ACTIVE",
            "createdBy": {
                "_id": "66573cdb68a601817ff11f45",
                "email": "admin@adamx.com",
                "firstName": "Adamx",
                "lastName": "Admin"
            },
            "isDeleted": false,
            "createdAt": "2024-08-10T05:13:11.745Z",
            "updatedAt": "2024-08-10T05:13:11.745Z",
            "__v": 0
        },
        {
            "_id": "66b42f79dd20a3bcb5dee1c7",
            "name": "Stage Testing 8aug",
            "status": "ACTIVE",
            "createdBy": {
                "_id": "66573cdb68a601817ff11f45",
                "email": "admin@adamx.com",
                "firstName": "Adamx",
                "lastName": "Admin"
            },
            "isDeleted": false,
            "createdAt": "2024-08-08T02:37:45.139Z",
            "updatedAt": "2024-08-08T02:37:45.139Z",
            "__v": 0
        },
        {
            "_id": "66b4280ddd20a3bcb5dee1be",
            "name": "Stage testing",
            "status": "ACTIVE",
            "createdBy": {
                "_id": "66573cdb68a601817ff11f45",
                "email": "admin@adamx.com",
                "firstName": "Adamx",
                "lastName": "Admin"
            },
            "isDeleted": false,
            "createdAt": "2024-08-08T02:06:05.823Z",
            "updatedAt": "2024-08-08T02:06:05.823Z",
            "__v": 0
        },
        {
            "_id": "66ab36f27638924e26bfffd2",
            "name": "Testing stage api",
            "status": "ACTIVE",
            "createdBy": {
                "_id": "66573cdb68a601817ff11f45",
                "email": "admin@adamx.com",
                "firstName": "Adamx",
                "lastName": "Admin"
            },
            "isDeleted": false,
            "createdAt": "2024-08-01T07:19:14.884Z",
            "updatedAt": "2024-08-01T07:19:14.884Z",
            "__v": 0
        },
        {
            "_id": "66ab30627638924e26bfffbe",
            "name": "Test 1 aug",
            "status": "ACTIVE",
            "createdBy": {
                "_id": "66573cdb68a601817ff11f45",
                "email": "admin@adamx.com",
                "firstName": "Adamx",
                "lastName": "Admin"
            },
            "isDeleted": false,
            "createdAt": "2024-08-01T06:51:14.919Z",
            "updatedAt": "2024-08-01T06:51:14.919Z",
            "__v": 0
        },
        {
            "_id": "66a8c35fa11b7dacc4a3ca64",
            "name": "Apple phase",
            "status": "ACTIVE",
            "createdBy": {
                "_id": "66573cdb68a601817ff11f45",
                "email": "admin@adamx.com",
                "firstName": "Adamx",
                "lastName": "Admin"
            },
            "isDeleted": false,
            "createdAt": "2024-07-30T10:41:35.815Z",
            "updatedAt": "2024-07-30T10:41:35.815Z",
            "__v": 0
        }
    ],
    "message": "Stage listed successfully!",
    "success": true
}
23.51.47.803 [main] INFO  api.test.UserTests2 - *************Stage fetched successfully**************
]]></system-out>
  </testcase>
</testsuite>