<?xml version="1.0" encoding="UTF-8"?>
<testng-results ignored="0" total="4" passed="4" failed="0" skipped="0">
  <reporter-output>
  </reporter-output>
  <suite started-at="2024-08-28T23:51:34 IST" name="Suite" finished-at="2024-08-28T23:51:47 IST" duration-ms="13710">
    <groups>
    </groups>
    <test started-at="2024-08-28T23:51:34 IST" name="Test" finished-at="2024-08-28T23:51:47 IST" duration-ms="13710">
      <class name="api.test.UserTests2">
        <test-method is-config="true" signature="setupData()[pri:0, instance:api.test.UserTests2@4ac3c60d]" started-at="2024-08-28T23:51:34 IST" name="setupData" finished-at="2024-08-28T23:51:39 IST" duration-ms="5315" status="PASS">
          <reporter-output>
          </reporter-output>
        </test-method> <!-- setupData -->
        <test-method signature="testStagepost(org.testng.ITestContext)[pri:1, instance:api.test.UserTests2@4ac3c60d]" started-at="2024-08-28T23:51:39 IST" name="testStagepost" finished-at="2024-08-28T23:51:44 IST" duration-ms="4739" status="PASS">
          <params>
            <param index="0">
              <value>
                <![CDATA[org.testng.TestRunner@7c20cdd0]]>
              </value>
            </param>
          </params>
          <reporter-output>
          </reporter-output>
        </test-method> <!-- testStagepost -->
        <test-method signature="testStageupdate(org.testng.ITestContext)[pri:2, instance:api.test.UserTests2@4ac3c60d]" started-at="2024-08-28T23:51:44 IST" name="testStageupdate" finished-at="2024-08-28T23:51:45 IST" duration-ms="1098" status="PASS">
          <params>
            <param index="0">
              <value>
                <![CDATA[org.testng.TestRunner@7c20cdd0]]>
              </value>
            </param>
          </params>
          <reporter-output>
          </reporter-output>
        </test-method> <!-- testStageupdate -->
        <test-method signature="testStagedelete(org.testng.ITestContext)[pri:3, instance:api.test.UserTests2@4ac3c60d]" started-at="2024-08-28T23:51:45 IST" name="testStagedelete" finished-at="2024-08-28T23:51:46 IST" duration-ms="1136" status="PASS">
          <params>
            <param index="0">
              <value>
                <![CDATA[org.testng.TestRunner@7c20cdd0]]>
              </value>
            </param>
          </params>
          <reporter-output>
          </reporter-output>
        </test-method> <!-- testStagedelete -->
        <test-method signature="testStageget()[pri:4, instance:api.test.UserTests2@4ac3c60d]" started-at="2024-08-28T23:51:46 IST" name="testStageget" finished-at="2024-08-28T23:51:47 IST" duration-ms="1290" status="PASS">
          <reporter-output>
          </reporter-output>
        </test-method> <!-- testStageget -->
      </class> <!-- api.test.UserTests2 -->
    </test> <!-- Test -->
  </suite> <!-- Suite -->
</testng-results>
